<?xml version="1.0" encoding="UTF-8"?>
<!-- Generated by org.testng.reporters.JUnitReportReporter -->
<testsuite hostname="DESKTOP-MT8P8LQ" failures="0" tests="1" name="com.abby.qa.testcases.RegisterTest" time="14.326" errors="0" timestamp="2025-10-05T12:08:42 IST" skipped="0">
  <testcase classname="com.abby.qa.testcases.RegisterTest" name="VerifyRegisterWithMandatoryFields" time="14.326"/>
</testsuite> <!-- com.abby.qa.testcases.RegisterTest -->
