<?xml version="1.0" encoding="UTF-8"?>
<!-- Generated by org.testng.reporters.JUnitReportReporter -->
<testsuite hostname="DESKTOP-MT8P8LQ" failures="0" tests="1" name="com.abby.qa.testcases.RegisterTest" time="8.110" errors="0" timestamp="2024-10-22T20:50:46 IST" skipped="0">
  <testcase classname="com.abby.qa.testcases.RegisterTest" name="VerifyRegisterWithMandatoryFields" time="8.110"/>
</testsuite> <!-- com.abby.qa.testcases.RegisterTest -->
