<?xml version="1.0" encoding="UTF-8"?>
<!-- Generated by org.testng.reporters.JUnitReportReporter -->
<testsuite hostname="DESKTOP-MT8P8LQ" failures="0" tests="3" name="com.abby.qa.testcases.SearchTest" time="22.983" errors="0" timestamp="2024-10-22T20:09:50 IST" skipped="0">
  <testcase classname="com.abby.qa.testcases.SearchTest" name="VerifySearchWithValidProducts" time="7.935"/>
  <testcase classname="com.abby.qa.testcases.SearchTest" name="VerifySearchWithInalidProducts" time="7.433"/>
  <testcase classname="com.abby.qa.testcases.SearchTest" name="VerifySearchWithoutdProducts" time="7.615"/>
</testsuite> <!-- com.abby.qa.testcases.SearchTest -->
