<?xml version="1.0" encoding="UTF-8"?>
<!-- Generated by org.testng.reporters.JUnitReportReporter -->
<testsuite hostname="DESKTOP-MT8P8LQ" failures="0" tests="2" name="com.abby.qa.testcases.LoginTest" time="16.395" errors="0" timestamp="2024-10-22T20:09:50 IST" skipped="0">
  <testcase classname="com.abby.qa.testcases.LoginTest" name="loginWithValidCredentials" time="10.960"/>
  <testcase classname="com.abby.qa.testcases.LoginTest" name="loginWithInvalidCredentials" time="5.435"/>
</testsuite> <!-- com.abby.qa.testcases.LoginTest -->
